<?xml version="1.0" encoding="UTF-8"?>
<testng-results skipped="0" failed="2" ignored="0" total="12" passed="10">
  <reporter-output>
  </reporter-output>
  <suite name="Testing Google Apps" duration-ms="13508" started-at="2021-09-02T23:52:32 COT" finished-at="2021-09-02T23:52:46 COT">
    <groups>
    </groups>
    <test name="Regression" duration-ms="13508" started-at="2021-09-02T23:52:32 COT" finished-at="2021-09-02T23:52:46 COT">
      <class name="test.Authentication">
        <test-method status="PASS" signature="setup()[pri:0, instance:test.Authentication@752325ad]" name="setup" is-config="true" duration-ms="1" started-at="2021-09-02T23:52:44 COT" finished-at="2021-09-02T23:52:44 COT">
          <reporter-output>
          </reporter-output>
        </test-method> <!-- setup -->
        <test-method status="PASS" signature="createGuestSession()[pri:0, instance:test.Authentication@752325ad]" name="createGuestSession" duration-ms="198" started-at="2021-09-02T23:52:44 COT" finished-at="2021-09-02T23:52:44 COT">
          <reporter-output>
          </reporter-output>
        </test-method> <!-- createGuestSession -->
        <test-method status="PASS" signature="createRequestToken()[pri:0, instance:test.Authentication@752325ad]" name="createRequestToken" duration-ms="164" started-at="2021-09-02T23:52:44 COT" finished-at="2021-09-02T23:52:44 COT">
          <reporter-output>
          </reporter-output>
        </test-method> <!-- createRequestToken -->
        <test-method status="PASS" signature="createSession()[pri:0, instance:test.Authentication@752325ad]" name="createSession" duration-ms="446" started-at="2021-09-02T23:52:44 COT" finished-at="2021-09-02T23:52:44 COT">
          <reporter-output>
          </reporter-output>
        </test-method> <!-- createSession -->
        <test-method status="PASS" signature="createSessionWithLogin()[pri:0, instance:test.Authentication@752325ad]" name="createSessionWithLogin" duration-ms="318" started-at="2021-09-02T23:52:44 COT" finished-at="2021-09-02T23:52:45 COT">
          <reporter-output>
          </reporter-output>
        </test-method> <!-- createSessionWithLogin -->
        <test-method status="PASS" signature="deletedSession()[pri:0, instance:test.Authentication@752325ad]" name="deletedSession" duration-ms="560" started-at="2021-09-02T23:52:45 COT" finished-at="2021-09-02T23:52:45 COT">
          <reporter-output>
          </reporter-output>
        </test-method> <!-- deletedSession -->
      </class> <!-- test.Authentication -->
      <class name="test.Movies">
        <test-method status="PASS" signature="setupSessionId()[pri:0, instance:test.Movies@279fedbd]" name="setupSessionId" is-config="true" duration-ms="427" started-at="2021-09-02T23:52:45 COT" finished-at="2021-09-02T23:52:46 COT">
          <reporter-output>
          </reporter-output>
        </test-method> <!-- setupSessionId -->
        <test-method status="PASS" signature="setup()[pri:0, instance:test.Movies@279fedbd]" name="setup" is-config="true" duration-ms="0" started-at="2021-09-02T23:52:45 COT" finished-at="2021-09-02T23:52:45 COT">
          <reporter-output>
          </reporter-output>
        </test-method> <!-- setup -->
        <test-method status="PASS" signature="getMovieDetails()[pri:0, instance:test.Movies@279fedbd]" name="getMovieDetails" duration-ms="99" started-at="2021-09-02T23:52:46 COT" finished-at="2021-09-02T23:52:46 COT">
          <reporter-output>
          </reporter-output>
        </test-method> <!-- getMovieDetails -->
        <test-method status="FAIL" signature="rateMovie()[pri:0, instance:test.Movies@279fedbd]" name="rateMovie" duration-ms="164" started-at="2021-09-02T23:52:46 COT" finished-at="2021-09-02T23:52:46 COT">
          <exception class="java.lang.AssertionError">
            <message>
              <![CDATA[expected [1] but found [12]]]>
            </message>
            <full-stacktrace>
              <![CDATA[java.lang.AssertionError: expected [1] but found [12]
at org.testng.Assert.fail(Assert.java:99)
at org.testng.Assert.failNotEquals(Assert.java:1037)
at org.testng.Assert.assertEqualsImpl(Assert.java:140)
at org.testng.Assert.assertEquals(Assert.java:122)
at org.testng.Assert.assertEquals(Assert.java:907)
at org.testng.Assert.assertEquals(Assert.java:917)
at utils.Confirmation.assertStatusCode(Confirmation.java:34)
at test.Movies.rateMovie(Movies.java:36)
at sun.reflect.NativeMethodAccessorImpl.invoke0(Native Method)
at sun.reflect.NativeMethodAccessorImpl.invoke(NativeMethodAccessorImpl.java:62)
at sun.reflect.DelegatingMethodAccessorImpl.invoke(DelegatingMethodAccessorImpl.java:43)
at java.lang.reflect.Method.invoke(Method.java:498)
at org.testng.internal.MethodInvocationHelper.invokeMethod(MethodInvocationHelper.java:133)
at org.testng.internal.TestInvoker.invokeMethod(TestInvoker.java:598)
at org.testng.internal.TestInvoker.invokeTestMethod(TestInvoker.java:173)
at org.testng.internal.MethodRunner.runInSequence(MethodRunner.java:46)
at org.testng.internal.TestInvoker$MethodInvocationAgent.invoke(TestInvoker.java:824)
at org.testng.internal.TestInvoker.invokeTestMethods(TestInvoker.java:146)
at org.testng.internal.TestMethodWorker.invokeTestMethods(TestMethodWorker.java:146)
at org.testng.internal.TestMethodWorker.run(TestMethodWorker.java:128)
at java.util.ArrayList.forEach(ArrayList.java:1259)
at org.testng.TestRunner.privateRun(TestRunner.java:794)
at org.testng.TestRunner.run(TestRunner.java:596)
at org.testng.SuiteRunner.runTest(SuiteRunner.java:377)
at org.testng.SuiteRunner.runSequentially(SuiteRunner.java:371)
at org.testng.SuiteRunner.privateRun(SuiteRunner.java:332)
at org.testng.SuiteRunner.run(SuiteRunner.java:276)
at org.testng.SuiteRunnerWorker.runSuite(SuiteRunnerWorker.java:53)
at org.testng.SuiteRunnerWorker.run(SuiteRunnerWorker.java:96)
at org.testng.TestNG.runSuitesSequentially(TestNG.java:1212)
at org.testng.TestNG.runSuitesLocally(TestNG.java:1134)
at org.testng.TestNG.runSuites(TestNG.java:1063)
at org.testng.TestNG.run(TestNG.java:1031)
at org.apache.maven.surefire.testng.TestNGExecutor.run(TestNGExecutor.java:284)
at org.apache.maven.surefire.testng.TestNGXmlTestSuite.execute(TestNGXmlTestSuite.java:75)
at org.apache.maven.surefire.testng.TestNGProvider.invoke(TestNGProvider.java:119)
at org.apache.maven.surefire.booter.ForkedBooter.runSuitesInProcess(ForkedBooter.java:428)
at org.apache.maven.surefire.booter.ForkedBooter.execute(ForkedBooter.java:162)
at org.apache.maven.surefire.booter.ForkedBooter.run(ForkedBooter.java:562)
at org.apache.maven.surefire.booter.ForkedBooter.main(ForkedBooter.java:548)
]]>
            </full-stacktrace>
          </exception> <!-- java.lang.AssertionError -->
          <reporter-output>
          </reporter-output>
        </test-method> <!-- rateMovie -->
      </class> <!-- test.Movies -->
      <class name="test.List">
        <test-method status="PASS" signature="setup()[pri:0, instance:test.List@1ce24091]" name="setup" is-config="true" duration-ms="719" started-at="2021-09-02T23:52:33 COT" finished-at="2021-09-02T23:52:33 COT">
          <reporter-output>
          </reporter-output>
        </test-method> <!-- setup -->
        <test-method status="PASS" signature="setupSessionId()[pri:0, instance:test.List@1ce24091]" name="setupSessionId" is-config="true" duration-ms="5447" started-at="2021-09-02T23:52:33 COT" finished-at="2021-09-02T23:52:39 COT">
          <reporter-output>
          </reporter-output>
        </test-method> <!-- setupSessionId -->
        <test-method status="PASS" signature="addMovieToAList()[pri:0, instance:test.List@1ce24091]" name="addMovieToAList" duration-ms="1138" started-at="2021-09-02T23:52:39 COT" finished-at="2021-09-02T23:52:40 COT">
          <reporter-output>
          </reporter-output>
        </test-method> <!-- addMovieToAList -->
        <test-method status="PASS" signature="clearList()[pri:0, instance:test.List@1ce24091]" name="clearList" duration-ms="1228" started-at="2021-09-02T23:52:40 COT" finished-at="2021-09-02T23:52:41 COT">
          <reporter-output>
          </reporter-output>
        </test-method> <!-- clearList -->
        <test-method status="PASS" signature="createList()[pri:0, instance:test.List@1ce24091]" name="createList" duration-ms="331" started-at="2021-09-02T23:52:41 COT" finished-at="2021-09-02T23:52:41 COT">
          <reporter-output>
          </reporter-output>
        </test-method> <!-- createList -->
        <test-method status="FAIL" signature="deletedList()[pri:0, instance:test.List@1ce24091]" name="deletedList" duration-ms="1082" started-at="2021-09-02T23:52:41 COT" finished-at="2021-09-02T23:52:43 COT">
          <exception class="java.lang.AssertionError">
            <message>
              <![CDATA[Request List should be successful expected [true] but found [false]]]>
            </message>
            <full-stacktrace>
              <![CDATA[java.lang.AssertionError: Request List should be successful expected [true] but found [false]
at org.testng.Assert.fail(Assert.java:99)
at org.testng.Assert.failNotEquals(Assert.java:1037)
at org.testng.Assert.assertTrue(Assert.java:45)
at utils.Confirmation.assertSuccessTrue(Confirmation.java:10)
at test.List.deletedList(List.java:84)
at sun.reflect.NativeMethodAccessorImpl.invoke0(Native Method)
at sun.reflect.NativeMethodAccessorImpl.invoke(NativeMethodAccessorImpl.java:62)
at sun.reflect.DelegatingMethodAccessorImpl.invoke(DelegatingMethodAccessorImpl.java:43)
at java.lang.reflect.Method.invoke(Method.java:498)
at org.testng.internal.MethodInvocationHelper.invokeMethod(MethodInvocationHelper.java:133)
at org.testng.internal.TestInvoker.invokeMethod(TestInvoker.java:598)
at org.testng.internal.TestInvoker.invokeTestMethod(TestInvoker.java:173)
at org.testng.internal.MethodRunner.runInSequence(MethodRunner.java:46)
at org.testng.internal.TestInvoker$MethodInvocationAgent.invoke(TestInvoker.java:824)
at org.testng.internal.TestInvoker.invokeTestMethods(TestInvoker.java:146)
at org.testng.internal.TestMethodWorker.invokeTestMethods(TestMethodWorker.java:146)
at org.testng.internal.TestMethodWorker.run(TestMethodWorker.java:128)
at java.util.ArrayList.forEach(ArrayList.java:1259)
at org.testng.TestRunner.privateRun(TestRunner.java:794)
at org.testng.TestRunner.run(TestRunner.java:596)
at org.testng.SuiteRunner.runTest(SuiteRunner.java:377)
at org.testng.SuiteRunner.runSequentially(SuiteRunner.java:371)
at org.testng.SuiteRunner.privateRun(SuiteRunner.java:332)
at org.testng.SuiteRunner.run(SuiteRunner.java:276)
at org.testng.SuiteRunnerWorker.runSuite(SuiteRunnerWorker.java:53)
at org.testng.SuiteRunnerWorker.run(SuiteRunnerWorker.java:96)
at org.testng.TestNG.runSuitesSequentially(TestNG.java:1212)
at org.testng.TestNG.runSuitesLocally(TestNG.java:1134)
at org.testng.TestNG.runSuites(TestNG.java:1063)
at org.testng.TestNG.run(TestNG.java:1031)
at org.apache.maven.surefire.testng.TestNGExecutor.run(TestNGExecutor.java:284)
at org.apache.maven.surefire.testng.TestNGXmlTestSuite.execute(TestNGXmlTestSuite.java:75)
at org.apache.maven.surefire.testng.TestNGProvider.invoke(TestNGProvider.java:119)
at org.apache.maven.surefire.booter.ForkedBooter.runSuitesInProcess(ForkedBooter.java:428)
at org.apache.maven.surefire.booter.ForkedBooter.execute(ForkedBooter.java:162)
at org.apache.maven.surefire.booter.ForkedBooter.run(ForkedBooter.java:562)
at org.apache.maven.surefire.booter.ForkedBooter.main(ForkedBooter.java:548)
]]>
            </full-stacktrace>
          </exception> <!-- java.lang.AssertionError -->
          <reporter-output>
          </reporter-output>
        </test-method> <!-- deletedList -->
        <test-method status="PASS" signature="getListDetails()[pri:0, instance:test.List@1ce24091]" name="getListDetails" duration-ms="1035" started-at="2021-09-02T23:52:43 COT" finished-at="2021-09-02T23:52:44 COT">
          <reporter-output>
          </reporter-output>
        </test-method> <!-- getListDetails -->
      </class> <!-- test.List -->
    </test> <!-- Regression -->
  </suite> <!-- Testing Google Apps -->
</testng-results>
